Unity Editor version:    2021.3.3f1 (af2e63e8f9bd)
Branch:                  2021.3/staging
Build type:              Release
Batch mode:              YES
macOS version:           Version 12.4 (Build 21F79)
Darwin version:          21.5.0
Architecture:            arm64
Running under Rosetta:   NO
Available memory:        16384 MB
Using pre-set license
Pro License: YES

COMMAND LINE ARGUMENTS:
/Applications/Unity/Hub/Editor/2021.3.3f1/Unity.app/Contents/MacOS/Unity
-adb2
-batchMode
-noUpm
-name
AssetImportWorker0
-projectPath
/Users/alexbaklanov/Projects/ColorMix 2
-logFile
Logs/AssetImportWorker0.log
-srvPort
58664
Successfully changed project path to: /Users/alexbaklanov/Projects/ColorMix 2
/Users/alexbaklanov/Projects/ColorMix 2
[UnityMemory] Configuration Parameters - Can be set up in boot.config
    "memorysetup-bucket-allocator-granularity=16"
    "memorysetup-bucket-allocator-bucket-count=8"
    "memorysetup-bucket-allocator-block-size=33554432"
    "memorysetup-bucket-allocator-block-count=8"
    "memorysetup-main-allocator-block-size=16777216"
    "memorysetup-thread-allocator-block-size=16777216"
    "memorysetup-gfx-main-allocator-block-size=16777216"
    "memorysetup-gfx-thread-allocator-block-size=16777216"
    "memorysetup-cache-allocator-block-size=4194304"
    "memorysetup-typetree-allocator-block-size=2097152"
    "memorysetup-profiler-bucket-allocator-granularity=16"
    "memorysetup-profiler-bucket-allocator-bucket-count=8"
    "memorysetup-profiler-bucket-allocator-block-size=33554432"
    "memorysetup-profiler-bucket-allocator-block-count=8"
    "memorysetup-profiler-allocator-block-size=16777216"
    "memorysetup-profiler-editor-allocator-block-size=1048576"
    "memorysetup-temp-allocator-size-main=16777216"
    "memorysetup-job-temp-allocator-block-size=2097152"
    "memorysetup-job-temp-allocator-block-size-background=1048576"
    "memorysetup-job-temp-allocator-reduction-small-platforms=262144"
    "memorysetup-temp-allocator-size-background-worker=32768"
    "memorysetup-temp-allocator-size-job-worker=262144"
    "memorysetup-temp-allocator-size-preload-manager=33554432"
    "memorysetup-temp-allocator-size-nav-mesh-worker=65536"
    "memorysetup-temp-allocator-size-audio-worker=65536"
    "memorysetup-temp-allocator-size-cloud-worker=32768"
    "memorysetup-temp-allocator-size-gi-baking-worker=262144"
    "memorysetup-temp-allocator-size-gfx=262144"
Refreshing native plugins compatible for Editor in 71.40 ms, found 2 plugins.
Preloading 0 native plugins for Editor in 0.00 ms.
Initialize engine version: 2021.3.3f1 (af2e63e8f9bd)
[Subsystems] Discovering subsystems at path /Applications/Unity/Hub/Editor/2021.3.3f1/Unity.app/Contents/Resources/UnitySubsystems
[Subsystems] Discovering subsystems at path /Users/alexbaklanov/Projects/ColorMix 2/Assets
GfxDevice: creating device client; threaded=0; jobified=0
 preferred device: Apple M1 Pro (high power)
Metal devices available: 1
0: Apple M1 Pro (high power)
Using device Apple M1 Pro (high power)
Initializing Metal device caps: Apple M1 Pro
Initialize mono
Mono path[0] = '/Applications/Unity/Hub/Editor/2021.3.3f1/Unity.app/Contents/Managed'
Mono path[1] = '/Applications/Unity/Hub/Editor/2021.3.3f1/Unity.app/Contents/MonoBleedingEdge/lib/mono/unityjit-macos'
Mono config path = '/Applications/Unity/Hub/Editor/2021.3.3f1/Unity.app/Contents/MonoBleedingEdge/etc'
Using monoOptions --debugger-agent=transport=dt_socket,embedding=1,server=y,suspend=n,address=127.0.0.1:56842
Begin MonoManager ReloadAssembly
Registering precompiled unity dll's ...
Register platform support module: /Applications/Unity/Hub/Editor/2021.3.3f1/Unity.app/Contents/PlaybackEngines/MacStandaloneSupport/UnityEditor.OSXStandalone.Extensions.dll
Register platform support module: /Applications/Unity/Hub/Editor/2021.3.3f1/PlaybackEngines/AndroidPlayer/UnityEditor.Android.Extensions.dll
Register platform support module: /Applications/Unity/Hub/Editor/2021.3.3f1/PlaybackEngines/iOSSupport/UnityEditor.iOS.Extensions.dll
Registered in 0.000523 seconds.
[usbmuxd] Start listen thread
[usbmuxd] Listen thread started
[usbmuxd] Send listen message
Native extension for iOS target not found
Native extension for Android target not found
Native extension for OSXStandalone target not found
Refreshing native plugins compatible for Editor in 71.57 ms, found 2 plugins.
Preloading 0 native plugins for Editor in 0.00 ms.
Mono: successfully reloaded assembly
- Completed reload, in  0.428 seconds
Domain Reload Profiling:
	ReloadAssembly (428ms)
		BeginReloadAssembly (50ms)
			ExecutionOrderSort (0ms)
			DisableScriptedObjects (0ms)
			BackupInstance (0ms)
			ReleaseScriptingObjects (0ms)
			CreateAndSetChildDomain (0ms)
		EndReloadAssembly (313ms)
			LoadAssemblies (51ms)
			RebuildTransferFunctionScriptingTraits (0ms)
			SetupTypeCache (67ms)
			ReleaseScriptCaches (0ms)
			RebuildScriptCaches (19ms)
			SetupLoadedEditorAssemblies (200ms)
				LogAssemblyErrors (0ms)
				InitializePlatformSupportModulesInManaged (56ms)
				SetLoadedEditorAssemblies (0ms)
				RefreshPlugins (72ms)
				BeforeProcessingInitializeOnLoad (1ms)
				ProcessInitializeOnLoadAttributes (47ms)
				ProcessInitializeOnLoadMethodAttributes (24ms)
				AfterProcessingInitializeOnLoad (0ms)
				EditorAssembliesLoaded (0ms)
			ExecutionOrderSort2 (0ms)
			AwakeInstancesAfterBackupRestoration (0ms)
Platform modules already initialized, skipping
Registering precompiled user dll's ...
Registered in 0.001768 seconds.
Begin MonoManager ReloadAssembly
Symbol file LoadedFromMemory doesn't match image /Users/alexbaklanov/Projects/ColorMix 2/Library/PackageCache/com.unity.visualscripting@1.7.6/Editor/VisualScripting.Core/Dependencies/YamlDotNet/Unity.VisualScripting.YamlDotNet.dll
Symbol file LoadedFromMemory doesn't match image /Users/alexbaklanov/Projects/ColorMix 2/Library/PackageCache/com.unity.visualscripting@1.7.6/Editor/VisualScripting.Core/Dependencies/DotNetZip/Unity.VisualScripting.IonicZip.dll
Native extension for iOS target not found
Native extension for Android target not found
Native extension for OSXStandalone target not found
Refreshing native plugins compatible for Editor in 0.45 ms, found 2 plugins.
Preloading 0 native plugins for Editor in 0.00 ms.
Mono: successfully reloaded assembly
- Completed reload, in  1.094 seconds
Domain Reload Profiling:
	ReloadAssembly (1094ms)
		BeginReloadAssembly (216ms)
			ExecutionOrderSort (0ms)
			DisableScriptedObjects (7ms)
			BackupInstance (0ms)
			ReleaseScriptingObjects (0ms)
			CreateAndSetChildDomain (123ms)
		EndReloadAssembly (759ms)
			LoadAssemblies (198ms)
			RebuildTransferFunctionScriptingTraits (0ms)
			SetupTypeCache (183ms)
			ReleaseScriptCaches (3ms)
			RebuildScriptCaches (35ms)
			SetupLoadedEditorAssemblies (333ms)
				LogAssemblyErrors (0ms)
				InitializePlatformSupportModulesInManaged (123ms)
				SetLoadedEditorAssemblies (0ms)
				RefreshPlugins (0ms)
				BeforeProcessingInitializeOnLoad (57ms)
				ProcessInitializeOnLoadAttributes (137ms)
				ProcessInitializeOnLoadMethodAttributes (15ms)
				AfterProcessingInitializeOnLoad (1ms)
				EditorAssembliesLoaded (0ms)
			ExecutionOrderSort2 (0ms)
			AwakeInstancesAfterBackupRestoration (2ms)
Platform modules already initialized, skipping
========================================================================
Worker process is ready to serve import requests
Launching external process: /Applications/Unity/Hub/Editor/2021.3.3f1/Unity.app/Contents/Tools/UnityShaderCompiler
Launched and connected shader compiler UnityShaderCompiler after 0.05 seconds
Refreshing native plugins compatible for Editor in 0.31 ms, found 2 plugins.
Preloading 0 native plugins for Editor in 0.00 ms.
Unloading 3362 Unused Serialized files (Serialized files now loaded: 0)
Unloading 26 unused Assets / (97.3 KB). Loaded Objects now: 3824.
Memory consumption went from 229.4 MB to 229.3 MB.
Total: 2.332458 ms (FindLiveObjects: 0.123875 ms CreateObjectMapping: 0.040375 ms MarkObjects: 2.102167 ms  DeleteObjects: 0.065583 ms)

AssetImportParameters requested are different than current active one (requested -> active):
  custom:video-decoder-ogg-theora: a1e56fd34408186e4bbccfd4996cb3dc -> 
  custom:container-muxer-webm: aa71ff27fc2769a1b78a27578f13a17b -> 
  custom:container-demuxer-webm: 4f35f7cbe854078d1ac9338744f61a02 -> 
  custom:video-encoder-webm-vp8: eb34c28f22e8b96e1ab97ce403110664 -> 
  custom:framework-osx-AVFoundation: e770b220cccbd017edd2c1fefb359320 -> 
  custom:audio-encoder-webm-vorbis: bf7c407c2cedff20999df2af8eb42d56 -> 
  custom:container-demuxer-ogg: 62fdf1f143b41e24485cea50d1cbac27 -> 
  custom:video-decoder-webm-vp8: 9c59270c3fd7afecdb556c50c9e8de78 -> 
  custom:audio-decoder-ogg-vorbis: bf7c407c2cedff20999df2af8eb42d56 -> 
========================================================================
Received Import Request.
  Time since last request: 1010940.739563 seconds.
  path: Assets/Models/bottle.fbx
  artifactKey: Guid(01dadfe710fae423688f7f3c693228c6) Importer(815301076,1909f56bfc062723c751e8b465ee728b)
Start importing Assets/Models/bottle.fbx using Guid(01dadfe710fae423688f7f3c693228c6) Importer(815301076,1909f56bfc062723c751e8b465ee728b)  -> (artifact id: 'abffe51d47929ec4fc4d71db6637cf1a') in 0.229265 seconds 
========================================================================
Received Import Request.
  Time since last request: 29.490803 seconds.
  path: Assets/Font/Cocon-Bold-Font SDF.asset
  artifactKey: Guid(4ed39c3b50c8040bbaea8375db3c1128) Importer(815301076,1909f56bfc062723c751e8b465ee728b)
Start importing Assets/Font/Cocon-Bold-Font SDF.asset using Guid(4ed39c3b50c8040bbaea8375db3c1128) Importer(815301076,1909f56bfc062723c751e8b465ee728b)  -> (artifact id: '27bf0d9220acd3dd5e01e07f43f00e51') in 0.207095 seconds 
========================================================================
Received Import Request.
  Time since last request: 0.000075 seconds.
  path: Assets/Font/Cocon-Bold-Font.otf
  artifactKey: Guid(9d1e7f34ba59041a3b2d459b60de1df1) Importer(815301076,1909f56bfc062723c751e8b465ee728b)
Start importing Assets/Font/Cocon-Bold-Font.otf using Guid(9d1e7f34ba59041a3b2d459b60de1df1) Importer(815301076,1909f56bfc062723c751e8b465ee728b)  -> (artifact id: '2d4fd52213598c6e933efb25d9dd467d') in 1.638413 seconds 
========================================================================
Received Import Request.
  Time since last request: 0.000069 seconds.
  path: Assets/Font/Roboto-LightItalic.ttf
  artifactKey: Guid(110306526004b4bb7aa60cbe0c84e1b2) Importer(815301076,1909f56bfc062723c751e8b465ee728b)
Start importing Assets/Font/Roboto-LightItalic.ttf using Guid(110306526004b4bb7aa60cbe0c84e1b2) Importer(815301076,1909f56bfc062723c751e8b465ee728b)  -> (artifact id: '727c105264ca2967878731895adf707d') in 0.046596 seconds 
========================================================================
Received Import Request.
  Time since last request: 0.000054 seconds.
  path: Assets/Font/BorisBlackBloxx.ttf
  artifactKey: Guid(0b2bc4200024849698332bffe46ed022) Importer(815301076,1909f56bfc062723c751e8b465ee728b)
Start importing Assets/Font/BorisBlackBloxx.ttf using Guid(0b2bc4200024849698332bffe46ed022) Importer(815301076,1909f56bfc062723c751e8b465ee728b)  -> (artifact id: '9ff86ae91dc48c6caa7ae81d1779acab') in 0.008049 seconds 
========================================================================
Received Import Request.
  Time since last request: 0.000045 seconds.
  path: Assets/Effects/sparkles.mat
  artifactKey: Guid(2f4b3d0258e844cf8beeed4fe92f93d4) Importer(815301076,1909f56bfc062723c751e8b465ee728b)
Start importing Assets/Effects/sparkles.mat using Guid(2f4b3d0258e844cf8beeed4fe92f93d4) Importer(815301076,1909f56bfc062723c751e8b465ee728b)  -> (artifact id: '094a261a0794201216c7f69f8bf785eb') in 0.028990 seconds 
========================================================================
Received Import Request.
  Time since last request: 0.000051 seconds.
  path: Assets/Effects/particles.mat
  artifactKey: Guid(0fb9c15e81d3844218364ff15bced4a2) Importer(815301076,1909f56bfc062723c751e8b465ee728b)
Start importing Assets/Effects/particles.mat using Guid(0fb9c15e81d3844218364ff15bced4a2) Importer(815301076,1909f56bfc062723c751e8b465ee728b)  -> (artifact id: '5a928f397aa56569ffe0e8f6923ddb41') in 0.004817 seconds 
========================================================================
Received Import Request.
  Time since last request: 0.000064 seconds.
  path: Assets/Font/Roboto-Italic.ttf
  artifactKey: Guid(8dd65ba49b87640efa35c8853ce90ca8) Importer(815301076,1909f56bfc062723c751e8b465ee728b)
Start importing Assets/Font/Roboto-Italic.ttf using Guid(8dd65ba49b87640efa35c8853ce90ca8) Importer(815301076,1909f56bfc062723c751e8b465ee728b)  -> (artifact id: '9acaa1f8150816c9ea472e2cf483c447') in 0.007522 seconds 
========================================================================
Received Import Request.
  Time since last request: 0.000049 seconds.
  path: Assets/Font/TitanOne-Regular.ttf
  artifactKey: Guid(9bb452897102e420c8862dd2be418225) Importer(815301076,1909f56bfc062723c751e8b465ee728b)
Start importing Assets/Font/TitanOne-Regular.ttf using Guid(9bb452897102e420c8862dd2be418225) Importer(815301076,1909f56bfc062723c751e8b465ee728b)  -> (artifact id: 'f7cd25dccfad67b3aa840945f816d245') in 0.007029 seconds 
========================================================================
Received Import Request.
  Time since last request: 0.000045 seconds.
  path: Assets/Font/Roboto-BlackItalic.ttf
  artifactKey: Guid(63e414037ffc94ccda08280dde80e1b7) Importer(815301076,1909f56bfc062723c751e8b465ee728b)
Start importing Assets/Font/Roboto-BlackItalic.ttf using Guid(63e414037ffc94ccda08280dde80e1b7) Importer(815301076,1909f56bfc062723c751e8b465ee728b)  -> (artifact id: '64b01ba9f3cd4203479af71d540f966a') in 0.006572 seconds 
========================================================================
Received Import Request.
  Time since last request: 0.000058 seconds.
  path: Assets/Font/Rolling No One.ttf
  artifactKey: Guid(97cce4e289e0442cbadd35b3177ff011) Importer(815301076,1909f56bfc062723c751e8b465ee728b)
Start importing Assets/Font/Rolling No One.ttf using Guid(97cce4e289e0442cbadd35b3177ff011) Importer(815301076,1909f56bfc062723c751e8b465ee728b)  -> (artifact id: 'cf850c44a1d079cfd4c437ecf70d0ea3') in 0.007737 seconds 
========================================================================
Received Import Request.
  Time since last request: 0.000030 seconds.
  path: Assets/Font/Roboto-Medium.ttf
  artifactKey: Guid(84e06af4020014c7da0e5be400128bda) Importer(815301076,1909f56bfc062723c751e8b465ee728b)
Start importing Assets/Font/Roboto-Medium.ttf using Guid(84e06af4020014c7da0e5be400128bda) Importer(815301076,1909f56bfc062723c751e8b465ee728b)  -> (artifact id: 'ce88cfc5664b89e5e26a6b8060b7f354') in 0.007248 seconds 
========================================================================
Received Import Request.
  Time since last request: 88.767441 seconds.
  path: Assets/Materials/paint-blue 1.mat
  artifactKey: Guid(3a0fd0837546d4951908e83668bd45f1) Importer(815301076,1909f56bfc062723c751e8b465ee728b)
Start importing Assets/Materials/paint-blue 1.mat using Guid(3a0fd0837546d4951908e83668bd45f1) Importer(815301076,1909f56bfc062723c751e8b465ee728b)  -> (artifact id: 'becb1c27f39f27db06d5e76382b6f8c3') in 0.069675 seconds 
========================================================================
Received Import Request.
  Time since last request: 3.652465 seconds.
  path: Assets/Materials/paint.mat
  artifactKey: Guid(3a0fd0837546d4951908e83668bd45f1) Importer(815301076,1909f56bfc062723c751e8b465ee728b)
Start importing Assets/Materials/paint.mat using Guid(3a0fd0837546d4951908e83668bd45f1) Importer(815301076,1909f56bfc062723c751e8b465ee728b)  -> (artifact id: '5c861b2669bc8f035e027c5a25f312d1') in 0.017281 seconds 
========================================================================
Received Import Request.
  Time since last request: 29.770221 seconds.
  path: Assets/Materials/paint.mat
  artifactKey: Guid(3a0fd0837546d4951908e83668bd45f1) Importer(815301076,1909f56bfc062723c751e8b465ee728b)
Start importing Assets/Materials/paint.mat using Guid(3a0fd0837546d4951908e83668bd45f1) Importer(815301076,1909f56bfc062723c751e8b465ee728b)  -> (artifact id: 'f6b4524349ef1fcde77b2eaa6647e34b') in 0.015395 seconds 
